C51 COMPILER V9.56.0.0   MAIN                                                              10/29/2019 13:52:44 PAGE 1   


C51 COMPILER V9.56.0.0, COMPILATION OF MODULE MAIN
OBJECT MODULE PLACED IN main.OBJ
COMPILER INVOKED BY: C:\Keil_v5\C51\BIN\C51.EXE main.c OPTIMIZE(8,SPEED) BROWSE DEBUG OBJECTEXTEND TABS(2)

line level    source

   1          #include "reg51.h"
   2          #define TIMS 3036
   3          sfr AUXR  =0x8E;
   4          sfr AUXR2 =0x8F;
   5          sfr CLK_DIV = 0x97;
   6          
   7          sfr P4  = 0xC0;
   8          sfr P1M1 = 0x91;  
   9          sfr P1M0 = 0x92;  
  10          
  11          sbit led0=P4^6;
  12          sbit led1=P4^7;
  13          sbit led2=P1^6;
  14          sbit led3=P1^7;
  15          
  16          int m=0;
  17          
  18          void timer_0() interrupt 1
  19          {
  20   1          m++;
  21   1      }
  22          main()
  23          {
  24   1        P1M1=0;P1M0=0;
  25   1        
  26   1        CLK_DIV=0x04;
  27   1        TL0=TIMS;
  28   1        TH0=TIMS>>8;
  29   1        AUXR&=0x7F;
  30   1        AUXR2|=0x01;
  31   1        TMOD=0x00;
  32   1        TR0=1;
  33   1        ET0=1;
  34   1        EA=1;
  35   1        while(1)
  36   1        {
  37   2          if(m>3)
  38   2            m=0;
  39   2          switch(m)
  40   2          {
  41   3            case 0:
  42   3              led0=0;
  43   3              led3=1;
  44   3            break;
  45   3            case 1:
  46   3              led1=0;
  47   3              led0=1;
  48   3            break;
  49   3            case 2:
  50   3              led2=0;
  51   3              led1=1;
  52   3            break;
  53   3            case 3:
  54   3              led3=0;
  55   3              led2=1;
C51 COMPILER V9.56.0.0   MAIN                                                              10/29/2019 13:52:44 PAGE 2   

  56   3            break;
  57   3          }
  58   2      }
  59   1      }


MODULE INFORMATION:   STATIC OVERLAYABLE
   CODE SIZE        =    102    ----
   CONSTANT SIZE    =   ----    ----
   XDATA SIZE       =   ----    ----
   PDATA SIZE       =   ----    ----
   DATA SIZE        =      2    ----
   IDATA SIZE       =   ----    ----
   BIT SIZE         =   ----    ----
END OF MODULE INFORMATION.


C51 COMPILATION COMPLETE.  0 WARNING(S),  0 ERROR(S)
